<?xml version='1.0' encoding='UTF-8'?>
<testsuite hostname="Jonas-ASUSZenBook-2026" name="de.dnpm.dip.integration.BrokerSpec" tests="1" errors="1" failures="0" skipped="0" time="1.216" timestamp="2026-06-08T16:40:15">
          <properties>
[...]
</properties>
          <testcase classname="de.dnpm.dip.integration.BrokerSpec" name="(It is not a test it is a sbt.testing.SuiteSelector)" time="1.216">
                      <error message="requirement failed: docker compose up failed (exit 1)" type="java.lang.IllegalArgumentException">java.lang.IllegalArgumentException: requirement failed: docker compose up failed (exit 1)
	at scala.Predef$.require(Predef.scala:337)
	at de.dnpm.dip.integration.DipTestEnvironment$.startStack(DipTestEnvironment.scala:38)
	at de.dnpm.dip.integration.DipTestEnvironment$.ready$lzycompute(DipTestEnvironment.scala:30)
	at de.dnpm.dip.integration.DipTestEnvironment$.ready(DipTestEnvironment.scala:29)
	at de.dnpm.dip.integration.DipIntegrationSuite.beforeAll(DipIntegrationSuite.scala:21)
	at de.dnpm.dip.integration.DipIntegrationSuite.beforeAll$(DipIntegrationSuite.scala:19)
	at de.dnpm.dip.integration.BrokerSpec.beforeAll(BrokerSpec.scala:6)
	at org.scalatest.BeforeAndAfterAll.liftedTree1$1(BeforeAndAfterAll.scala:212)
	at org.scalatest.BeforeAndAfterAll.run(BeforeAndAfterAll.scala:210)
	at org.scalatest.BeforeAndAfterAll.run$(BeforeAndAfterAll.scala:208)
	at de.dnpm.dip.integration.BrokerSpec.run(BrokerSpec.scala:6)
	at org.scalatest.tools.Framework.org$scalatest$tools$Framework$$runSuite(Framework.scala:321)
	at org.scalatest.tools.Framework$ScalaTestTask.execute(Framework.scala:517)
	at sbt.TestRunner.runTest$1(TestFramework.scala:153)
	at sbt.TestRunner.run(TestFramework.scala:168)
	at sbt.TestFramework$$anon$3$$anonfun$$lessinit$greater$1.$anonfun$apply$1(TestFramework.scala:336)
	at sbt.TestFramework$.sbt$TestFramework$$withContextLoader(TestFramework.scala:296)
	at sbt.TestFramework$$anon$3$$anonfun$$lessinit$greater$1.apply(TestFramework.scala:336)
	at sbt.TestFramework$$anon$3$$anonfun$$lessinit$greater$1.apply(TestFramework.scala:336)
	at sbt.TestFunction.apply(TestFramework.scala:348)
	at sbt.Tests$.processRunnable$1(Tests.scala:475)
	at sbt.Tests$.$anonfun$makeSerial$1(Tests.scala:481)
	at sbt.std.Transform$$anon$3.$anonfun$apply$2(Transform.scala:47)
	at sbt.std.Transform$$anon$4.work(Transform.scala:69)
	at sbt.Execute.$anonfun$submit$2(Execute.scala:283)
	at sbt.internal.util.ErrorHandling$.wideConvert(ErrorHandling.scala:24)
	at sbt.Execute.work(Execute.scala:292)
	at sbt.Execute.$anonfun$submit$1(Execute.scala:283)
	at sbt.ConcurrentRestrictions$$anon$4.$anonfun$submitValid$1(ConcurrentRestrictions.scala:265)
	at sbt.CompletionService$$anon$2.call(CompletionService.scala:65)
	at java.base/java.util.concurrent.FutureTask.run(FutureTask.java:317)
	at java.base/java.util.concurrent.Executors$RunnableAdapter.call(Executors.java:572)
	at java.base/java.util.concurrent.FutureTask.run(FutureTask.java:317)
	at java.base/java.util.concurrent.ThreadPoolExecutor.runWorker(ThreadPoolExecutor.java:1144)
	at java.base/java.util.concurrent.ThreadPoolExecutor$Worker.run(ThreadPoolExecutor.java:642)
	at java.base/java.lang.Thread.run(Thread.java:1583)
</error>
                    </testcase>
          <system-out><![CDATA[]]></system-out>
          <system-err><![CDATA[]]></system-err>
        </testsuite>